C51 COMPILER V9.53.0.0   ADC                                                               05/08/2017 21:43:31 PAGE 1   


C51 COMPILER V9.53.0.0, COMPILATION OF MODULE ADC
OBJECT MODULE PLACED IN .\src/adc.OBJ
COMPILER INVOKED BY: Z:\Applications\Simplicity Studio.app\Contents\Eclipse\developer\toolchains\keil_8051\9.53\BIN\C51.
                    -exe /Users/liaohu/SimplicityStudio/v4_workspace/Copy of Final project_1/src/adc.c OMF2 SMALL DEBUG OBJECTEXTEND ROM(LARG
                    -E) WARNINGLEVEL(2) FLOATFUZZY(3) OPTIMIZE(8,SPEED) DEFINE(DEBUG=1) INTVECTOR(0X0000) INTPROMOTE INCDIR(/Users/liaohu/Sim
                    -plicityStudio/v4_workspace/Copy of Final project_1/inc/graphics;/Users/liaohu/SimplicityStudio/v4_workspace/Copy of Fina
                    -l project_1/inc;/Users/liaohu/SimplicityStudio/v4_workspace/Copy of Final project_1/inc/config;/Applications/Simplicity 
                    -Studio.app/Contents/Eclipse/developer/sdks/8051/v4.0.3//kits/common/bsp;/Applications/Simplicity Studio.app/Contents/Ecl
                    -ipse/developer/sdks/8051/v4.0.3//kits/EFM8BB3_SLSTK2022A/config;/Applications/Simplicity Studio.app/Contents/Eclipse/dev
                    -eloper/sdks/8051/v4.0.3//Device/EFM8BB3/peripheral_driver/inc;/Applications/Simplicity Studio.app/Contents/Eclipse/devel
                    -oper/sdks/8051/v4.0.3//kits/common/drivers/efm8_joystick;/Applications/Simplicity Studio.app/Contents/Eclipse/developer/
                    -sdks/8051/v4.0.3//kits/common/drivers/efm8_memory_lcd/inc;/Applications/Simplicity Studio.app/Contents/Eclipse/developer
                    -/sdks/8051/v4.0.3//kits/common/drivers/efm8_memory_lcd/inc/graphics;/Applications/Simplicity Studio.app/Contents/Eclipse
                    -/developer/sdks/8051/v4.0.3//kits/common/drivers/efm8_memory_lcd/inc/config;/Applications/Simplicity Studio.app/Contents
                    -/Eclipse/developer/sdks/8051/v4.0.3//Device/shared/si8051base;/Applications/Simplicity Studio.app/Contents/Eclipse/devel
                    -oper/sdks/8051/v4.0.3//Device/EFM8BB3/inc;/Applications/Simplicity Studio.app/Contents/Eclipse/developer/sdks/8051/v4.0.
                    -3//kits/common/drivers/efm8_retargetserial) PRINT(.\src/adc.lst) COND PAGEWIDTH(120) PAGELENGTH(65) OBJECT(.\src/adc.OBJ
                    -)

line level    source

   1          /**************************************************************************//**
   2           * Copyright (c) 2015 by Silicon Laboratories Inc. All rights reserved.
   3           *
   4           * http://developer.silabs.com/legal/version/v11/Silicon_Labs_Software_License_Agreement.txt
   5           *****************************************************************************/
   6          /////////////////////////////////////////////////////////////////////////////
   7          // adc.c
   8          /////////////////////////////////////////////////////////////////////////////
   9          
  10          /////////////////////////////////////////////////////////////////////////////
  11          // Includes
  12          /////////////////////////////////////////////////////////////////////////////
  13          
  14          #include "adc.h"
  15          #include "joystick.h"
  16          
  17          /////////////////////////////////////////////////////////////////////////////
  18          // Globals
  19          /////////////////////////////////////////////////////////////////////////////
  20          
  21          uint8_t joystickDirection = JOYSTICK_NONE;
  22          
  23          /////////////////////////////////////////////////////////////////////////////
  24          // Interrupt Service Handlers
  25          /////////////////////////////////////////////////////////////////////////////
  26          
  27          //-----------------------------------------------------------------------------
  28          // ADC0EOC_ISR
  29          //-----------------------------------------------------------------------------
  30          //
  31          // ADC0EOC ISR Content goes here. Remember to clear flag bits:
  32          // ADC0CN0::ADINT (Conversion Complete Interrupt Flag)
  33          //
  34          // This ISR averages ADC_MEASUREMENTS_TO_AVG samples then prints the result
  35          // to the terminal.  The ISR is called after each ADC conversion which is
  36          // triggered by Timer0.
  37          //
  38          //-----------------------------------------------------------------------------
  39          SI_INTERRUPT (ADC0EOC_ISR, ADC0EOC_IRQn)
  40          {
  41   1        uint32_t mV;
C51 COMPILER V9.53.0.0   ADC                                                               05/08/2017 21:43:31 PAGE 2   

  42   1      
  43   1        ADC0CN0_ADINT = 0; // Clear ADC0 conv. complete flag
  44   1      
  45   1        mV = (ADC0 * (uint32_t) 3300) / 1023;
  46   1      
  47   1        joystickDirection = JOYSTICK_convert_mv_to_direction(mV);
  48   1      
  49   1      }


MODULE INFORMATION:   STATIC OVERLAYABLE
   CODE SIZE        =     87    ----
   CONSTANT SIZE    =   ----    ----
   XDATA SIZE       =   ----    ----
   PDATA SIZE       =   ----    ----
   DATA SIZE        =      1    ----
   IDATA SIZE       =   ----    ----
   BIT SIZE         =   ----    ----
   EDATA SIZE       =   ----    ----
   HDATA SIZE       =   ----    ----
   XDATA CONST SIZE =   ----    ----
   FAR CONST SIZE   =   ----    ----
END OF MODULE INFORMATION.


C51 COMPILATION COMPLETE.  0 WARNING(S),  0 ERROR(S)
